Start testing: Mar 22 09:59 EDT
----------------------------------------------------------
1/41 Testing: DmTest.WriteAndRead
1/41 Test: DmTest.WriteAndRead
Command: "/Users/markseeliger/CLionProjects/marksql/cmake-build-asan/testDM" "--gtest_filter=DmTest.WriteAndRead" "--gtest_also_run_disabled_tests"
Directory: /Users/markseeliger/CLionProjects/marksql/cmake-build-asan
"DmTest.WriteAndRead" start time: Mar 22 09:59 EDT
Output:
----------------------------------------------------------
Running main() from /Users/markseeliger/CLionProjects/marksql/cmake-build-asan/_deps/googletest-src/googletest/src/gtest_main.cc
Note: Google Test filter = DmTest.WriteAndRead
[==========] Running 1 test from 1 test suite.
[----------] Global test environment set-up.
[----------] 1 test from DmTest
[ RUN      ] DmTest.WriteAndRead
[       OK ] DmTest.WriteAndRead (0 ms)
[----------] 1 test from DmTest (0 ms total)

[----------] Global test environment tear-down
[==========] 1 test from 1 test suite ran. (0 ms total)
[  PASSED  ] 1 test.
<end of output>
Test time =   0.04 sec
----------------------------------------------------------
Test Passed.
"DmTest.WriteAndRead" end time: Mar 22 09:59 EDT
"DmTest.WriteAndRead" time elapsed: 00:00:00
----------------------------------------------------------

2/41 Testing: DmTest.AllocatePage
2/41 Test: DmTest.AllocatePage
Command: "/Users/markseeliger/CLionProjects/marksql/cmake-build-asan/testDM" "--gtest_filter=DmTest.AllocatePage" "--gtest_also_run_disabled_tests"
Directory: /Users/markseeliger/CLionProjects/marksql/cmake-build-asan
"DmTest.AllocatePage" start time: Mar 22 09:59 EDT
Output:
----------------------------------------------------------
Running main() from /Users/markseeliger/CLionProjects/marksql/cmake-build-asan/_deps/googletest-src/googletest/src/gtest_main.cc
Note: Google Test filter = DmTest.AllocatePage
[==========] Running 1 test from 1 test suite.
[----------] Global test environment set-up.
[----------] 1 test from DmTest
[ RUN      ] DmTest.AllocatePage
[       OK ] DmTest.AllocatePage (0 ms)
[----------] 1 test from DmTest (0 ms total)

[----------] Global test environment tear-down
[==========] 1 test from 1 test suite ran. (0 ms total)
[  PASSED  ] 1 test.
<end of output>
Test time =   0.04 sec
----------------------------------------------------------
Test Passed.
"DmTest.AllocatePage" end time: Mar 22 09:59 EDT
"DmTest.AllocatePage" time elapsed: 00:00:00
----------------------------------------------------------

3/41 Testing: PageTest.DefaultConstructor
3/41 Test: PageTest.DefaultConstructor
Command: "/Users/markseeliger/CLionProjects/marksql/cmake-build-asan/testPage" "--gtest_filter=PageTest.DefaultConstructor" "--gtest_also_run_disabled_tests"
Directory: /Users/markseeliger/CLionProjects/marksql/cmake-build-asan
"PageTest.DefaultConstructor" start time: Mar 22 09:59 EDT
Output:
----------------------------------------------------------
Running main() from /Users/markseeliger/CLionProjects/marksql/cmake-build-asan/_deps/googletest-src/googletest/src/gtest_main.cc
Note: Google Test filter = PageTest.DefaultConstructor
[==========] Running 1 test from 1 test suite.
[----------] Global test environment set-up.
[----------] 1 test from PageTest
[ RUN      ] PageTest.DefaultConstructor
[       OK ] PageTest.DefaultConstructor (0 ms)
[----------] 1 test from PageTest (0 ms total)

[----------] Global test environment tear-down
[==========] 1 test from 1 test suite ran. (0 ms total)
[  PASSED  ] 1 test.
<end of output>
Test time =   0.04 sec
----------------------------------------------------------
Test Passed.
"PageTest.DefaultConstructor" end time: Mar 22 09:59 EDT
"PageTest.DefaultConstructor" time elapsed: 00:00:00
----------------------------------------------------------

4/41 Testing: PageTest.MemoryZeroInitialized
4/41 Test: PageTest.MemoryZeroInitialized
Command: "/Users/markseeliger/CLionProjects/marksql/cmake-build-asan/testPage" "--gtest_filter=PageTest.MemoryZeroInitialized" "--gtest_also_run_disabled_tests"
Directory: /Users/markseeliger/CLionProjects/marksql/cmake-build-asan
"PageTest.MemoryZeroInitialized" start time: Mar 22 09:59 EDT
Output:
----------------------------------------------------------
Running main() from /Users/markseeliger/CLionProjects/marksql/cmake-build-asan/_deps/googletest-src/googletest/src/gtest_main.cc
Note: Google Test filter = PageTest.MemoryZeroInitialized
[==========] Running 1 test from 1 test suite.
[----------] Global test environment set-up.
[----------] 1 test from PageTest
[ RUN      ] PageTest.MemoryZeroInitialized
[       OK ] PageTest.MemoryZeroInitialized (0 ms)
[----------] 1 test from PageTest (0 ms total)

[----------] Global test environment tear-down
[==========] 1 test from 1 test suite ran. (0 ms total)
[  PASSED  ] 1 test.
<end of output>
Test time =   0.04 sec
----------------------------------------------------------
Test Passed.
"PageTest.MemoryZeroInitialized" end time: Mar 22 09:59 EDT
"PageTest.MemoryZeroInitialized" time elapsed: 00:00:00
----------------------------------------------------------

5/41 Testing: PageTest.SetPageId
5/41 Test: PageTest.SetPageId
Command: "/Users/markseeliger/CLionProjects/marksql/cmake-build-asan/testPage" "--gtest_filter=PageTest.SetPageId" "--gtest_also_run_disabled_tests"
Directory: /Users/markseeliger/CLionProjects/marksql/cmake-build-asan
"PageTest.SetPageId" start time: Mar 22 09:59 EDT
Output:
----------------------------------------------------------
Running main() from /Users/markseeliger/CLionProjects/marksql/cmake-build-asan/_deps/googletest-src/googletest/src/gtest_main.cc
Note: Google Test filter = PageTest.SetPageId
[==========] Running 1 test from 1 test suite.
[----------] Global test environment set-up.
[----------] 1 test from PageTest
[ RUN      ] PageTest.SetPageId
[       OK ] PageTest.SetPageId (0 ms)
[----------] 1 test from PageTest (0 ms total)

[----------] Global test environment tear-down
[==========] 1 test from 1 test suite ran. (0 ms total)
[  PASSED  ] 1 test.
<end of output>
Test time =   0.04 sec
----------------------------------------------------------
Test Passed.
"PageTest.SetPageId" end time: Mar 22 09:59 EDT
"PageTest.SetPageId" time elapsed: 00:00:00
----------------------------------------------------------

6/41 Testing: PageTest.DirtyFlag
6/41 Test: PageTest.DirtyFlag
Command: "/Users/markseeliger/CLionProjects/marksql/cmake-build-asan/testPage" "--gtest_filter=PageTest.DirtyFlag" "--gtest_also_run_disabled_tests"
Directory: /Users/markseeliger/CLionProjects/marksql/cmake-build-asan
"PageTest.DirtyFlag" start time: Mar 22 09:59 EDT
Output:
----------------------------------------------------------
Running main() from /Users/markseeliger/CLionProjects/marksql/cmake-build-asan/_deps/googletest-src/googletest/src/gtest_main.cc
Note: Google Test filter = PageTest.DirtyFlag
[==========] Running 1 test from 1 test suite.
[----------] Global test environment set-up.
[----------] 1 test from PageTest
[ RUN      ] PageTest.DirtyFlag
[       OK ] PageTest.DirtyFlag (0 ms)
[----------] 1 test from PageTest (0 ms total)

[----------] Global test environment tear-down
[==========] 1 test from 1 test suite ran. (0 ms total)
[  PASSED  ] 1 test.
<end of output>
Test time =   0.04 sec
----------------------------------------------------------
Test Passed.
"PageTest.DirtyFlag" end time: Mar 22 09:59 EDT
"PageTest.DirtyFlag" time elapsed: 00:00:00
----------------------------------------------------------

7/41 Testing: PageTest.PinUnpin
7/41 Test: PageTest.PinUnpin
Command: "/Users/markseeliger/CLionProjects/marksql/cmake-build-asan/testPage" "--gtest_filter=PageTest.PinUnpin" "--gtest_also_run_disabled_tests"
Directory: /Users/markseeliger/CLionProjects/marksql/cmake-build-asan
"PageTest.PinUnpin" start time: Mar 22 09:59 EDT
Output:
----------------------------------------------------------
Running main() from /Users/markseeliger/CLionProjects/marksql/cmake-build-asan/_deps/googletest-src/googletest/src/gtest_main.cc
Note: Google Test filter = PageTest.PinUnpin
[==========] Running 1 test from 1 test suite.
[----------] Global test environment set-up.
[----------] 1 test from PageTest
[ RUN      ] PageTest.PinUnpin
[       OK ] PageTest.PinUnpin (0 ms)
[----------] 1 test from PageTest (0 ms total)

[----------] Global test environment tear-down
[==========] 1 test from 1 test suite ran. (0 ms total)
[  PASSED  ] 1 test.
<end of output>
Test time =   0.03 sec
----------------------------------------------------------
Test Passed.
"PageTest.PinUnpin" end time: Mar 22 09:59 EDT
"PageTest.PinUnpin" time elapsed: 00:00:00
----------------------------------------------------------

8/41 Testing: PageTest.PinCountDoesNotGoNegative
8/41 Test: PageTest.PinCountDoesNotGoNegative
Command: "/Users/markseeliger/CLionProjects/marksql/cmake-build-asan/testPage" "--gtest_filter=PageTest.PinCountDoesNotGoNegative" "--gtest_also_run_disabled_tests"
Directory: /Users/markseeliger/CLionProjects/marksql/cmake-build-asan
"PageTest.PinCountDoesNotGoNegative" start time: Mar 22 09:59 EDT
Output:
----------------------------------------------------------
Running main() from /Users/markseeliger/CLionProjects/marksql/cmake-build-asan/_deps/googletest-src/googletest/src/gtest_main.cc
Note: Google Test filter = PageTest.PinCountDoesNotGoNegative
[==========] Running 1 test from 1 test suite.
[----------] Global test environment set-up.
[----------] 1 test from PageTest
[ RUN      ] PageTest.PinCountDoesNotGoNegative
[       OK ] PageTest.PinCountDoesNotGoNegative (0 ms)
[----------] 1 test from PageTest (0 ms total)

[----------] Global test environment tear-down
[==========] 1 test from 1 test suite ran. (0 ms total)
[  PASSED  ] 1 test.
<end of output>
Test time =   0.04 sec
----------------------------------------------------------
Test Passed.
"PageTest.PinCountDoesNotGoNegative" end time: Mar 22 09:59 EDT
"PageTest.PinCountDoesNotGoNegative" time elapsed: 00:00:00
----------------------------------------------------------

9/41 Testing: PageTest.DataWritable
9/41 Test: PageTest.DataWritable
Command: "/Users/markseeliger/CLionProjects/marksql/cmake-build-asan/testPage" "--gtest_filter=PageTest.DataWritable" "--gtest_also_run_disabled_tests"
Directory: /Users/markseeliger/CLionProjects/marksql/cmake-build-asan
"PageTest.DataWritable" start time: Mar 22 09:59 EDT
Output:
----------------------------------------------------------
Running main() from /Users/markseeliger/CLionProjects/marksql/cmake-build-asan/_deps/googletest-src/googletest/src/gtest_main.cc
Note: Google Test filter = PageTest.DataWritable
[==========] Running 1 test from 1 test suite.
[----------] Global test environment set-up.
[----------] 1 test from PageTest
[ RUN      ] PageTest.DataWritable
[       OK ] PageTest.DataWritable (0 ms)
[----------] 1 test from PageTest (0 ms total)

[----------] Global test environment tear-down
[==========] 1 test from 1 test suite ran. (0 ms total)
[  PASSED  ] 1 test.
<end of output>
Test time =   0.04 sec
----------------------------------------------------------
Test Passed.
"PageTest.DataWritable" end time: Mar 22 09:59 EDT
"PageTest.DataWritable" time elapsed: 00:00:00
----------------------------------------------------------

10/41 Testing: PageTest.ResetMemory
10/41 Test: PageTest.ResetMemory
Command: "/Users/markseeliger/CLionProjects/marksql/cmake-build-asan/testPage" "--gtest_filter=PageTest.ResetMemory" "--gtest_also_run_disabled_tests"
Directory: /Users/markseeliger/CLionProjects/marksql/cmake-build-asan
"PageTest.ResetMemory" start time: Mar 22 09:59 EDT
Output:
----------------------------------------------------------
Running main() from /Users/markseeliger/CLionProjects/marksql/cmake-build-asan/_deps/googletest-src/googletest/src/gtest_main.cc
Note: Google Test filter = PageTest.ResetMemory
[==========] Running 1 test from 1 test suite.
[----------] Global test environment set-up.
[----------] 1 test from PageTest
[ RUN      ] PageTest.ResetMemory
[       OK ] PageTest.ResetMemory (0 ms)
[----------] 1 test from PageTest (0 ms total)

[----------] Global test environment tear-down
[==========] 1 test from 1 test suite ran. (0 ms total)
[  PASSED  ] 1 test.
<end of output>
Test time =   0.04 sec
----------------------------------------------------------
Test Passed.
"PageTest.ResetMemory" end time: Mar 22 09:59 EDT
"PageTest.ResetMemory" time elapsed: 00:00:00
----------------------------------------------------------

11/41 Testing: LRUReplacerTest.VictimFromEmpty
11/41 Test: LRUReplacerTest.VictimFromEmpty
Command: "/Users/markseeliger/CLionProjects/marksql/cmake-build-asan/testReplacer" "--gtest_filter=LRUReplacerTest.VictimFromEmpty" "--gtest_also_run_disabled_tests"
Directory: /Users/markseeliger/CLionProjects/marksql/cmake-build-asan
"LRUReplacerTest.VictimFromEmpty" start time: Mar 22 09:59 EDT
Output:
----------------------------------------------------------
Running main() from /Users/markseeliger/CLionProjects/marksql/cmake-build-asan/_deps/googletest-src/googletest/src/gtest_main.cc
Note: Google Test filter = LRUReplacerTest.VictimFromEmpty
[==========] Running 1 test from 1 test suite.
[----------] Global test environment set-up.
[----------] 1 test from LRUReplacerTest
[ RUN      ] LRUReplacerTest.VictimFromEmpty
[       OK ] LRUReplacerTest.VictimFromEmpty (0 ms)
[----------] 1 test from LRUReplacerTest (0 ms total)

[----------] Global test environment tear-down
[==========] 1 test from 1 test suite ran. (0 ms total)
[  PASSED  ] 1 test.
<end of output>
Test time =   0.04 sec
----------------------------------------------------------
Test Passed.
"LRUReplacerTest.VictimFromEmpty" end time: Mar 22 09:59 EDT
"LRUReplacerTest.VictimFromEmpty" time elapsed: 00:00:00
----------------------------------------------------------

12/41 Testing: LRUReplacerTest.SingleUnpinVictim
12/41 Test: LRUReplacerTest.SingleUnpinVictim
Command: "/Users/markseeliger/CLionProjects/marksql/cmake-build-asan/testReplacer" "--gtest_filter=LRUReplacerTest.SingleUnpinVictim" "--gtest_also_run_disabled_tests"
Directory: /Users/markseeliger/CLionProjects/marksql/cmake-build-asan
"LRUReplacerTest.SingleUnpinVictim" start time: Mar 22 09:59 EDT
Output:
----------------------------------------------------------
Running main() from /Users/markseeliger/CLionProjects/marksql/cmake-build-asan/_deps/googletest-src/googletest/src/gtest_main.cc
Note: Google Test filter = LRUReplacerTest.SingleUnpinVictim
[==========] Running 1 test from 1 test suite.
[----------] Global test environment set-up.
[----------] 1 test from LRUReplacerTest
[ RUN      ] LRUReplacerTest.SingleUnpinVictim
[       OK ] LRUReplacerTest.SingleUnpinVictim (0 ms)
[----------] 1 test from LRUReplacerTest (0 ms total)

[----------] Global test environment tear-down
[==========] 1 test from 1 test suite ran. (0 ms total)
[  PASSED  ] 1 test.
<end of output>
Test time =   0.04 sec
----------------------------------------------------------
Test Passed.
"LRUReplacerTest.SingleUnpinVictim" end time: Mar 22 09:59 EDT
"LRUReplacerTest.SingleUnpinVictim" time elapsed: 00:00:00
----------------------------------------------------------

13/41 Testing: LRUReplacerTest.LRUOrder
13/41 Test: LRUReplacerTest.LRUOrder
Command: "/Users/markseeliger/CLionProjects/marksql/cmake-build-asan/testReplacer" "--gtest_filter=LRUReplacerTest.LRUOrder" "--gtest_also_run_disabled_tests"
Directory: /Users/markseeliger/CLionProjects/marksql/cmake-build-asan
"LRUReplacerTest.LRUOrder" start time: Mar 22 09:59 EDT
Output:
----------------------------------------------------------
Running main() from /Users/markseeliger/CLionProjects/marksql/cmake-build-asan/_deps/googletest-src/googletest/src/gtest_main.cc
Note: Google Test filter = LRUReplacerTest.LRUOrder
[==========] Running 1 test from 1 test suite.
[----------] Global test environment set-up.
[----------] 1 test from LRUReplacerTest
[ RUN      ] LRUReplacerTest.LRUOrder
[       OK ] LRUReplacerTest.LRUOrder (0 ms)
[----------] 1 test from LRUReplacerTest (0 ms total)

[----------] Global test environment tear-down
[==========] 1 test from 1 test suite ran. (0 ms total)
[  PASSED  ] 1 test.
<end of output>
Test time =   0.03 sec
----------------------------------------------------------
Test Passed.
"LRUReplacerTest.LRUOrder" end time: Mar 22 09:59 EDT
"LRUReplacerTest.LRUOrder" time elapsed: 00:00:00
----------------------------------------------------------

14/41 Testing: LRUReplacerTest.PinRemoves
14/41 Test: LRUReplacerTest.PinRemoves
Command: "/Users/markseeliger/CLionProjects/marksql/cmake-build-asan/testReplacer" "--gtest_filter=LRUReplacerTest.PinRemoves" "--gtest_also_run_disabled_tests"
Directory: /Users/markseeliger/CLionProjects/marksql/cmake-build-asan
"LRUReplacerTest.PinRemoves" start time: Mar 22 09:59 EDT
Output:
----------------------------------------------------------
Running main() from /Users/markseeliger/CLionProjects/marksql/cmake-build-asan/_deps/googletest-src/googletest/src/gtest_main.cc
Note: Google Test filter = LRUReplacerTest.PinRemoves
[==========] Running 1 test from 1 test suite.
[----------] Global test environment set-up.
[----------] 1 test from LRUReplacerTest
[ RUN      ] LRUReplacerTest.PinRemoves
[       OK ] LRUReplacerTest.PinRemoves (0 ms)
[----------] 1 test from LRUReplacerTest (0 ms total)

[----------] Global test environment tear-down
[==========] 1 test from 1 test suite ran. (0 ms total)
[  PASSED  ] 1 test.
<end of output>
Test time =   0.04 sec
----------------------------------------------------------
Test Passed.
"LRUReplacerTest.PinRemoves" end time: Mar 22 09:59 EDT
"LRUReplacerTest.PinRemoves" time elapsed: 00:00:00
----------------------------------------------------------

15/41 Testing: LRUReplacerTest.NoDuplicateUnpin
15/41 Test: LRUReplacerTest.NoDuplicateUnpin
Command: "/Users/markseeliger/CLionProjects/marksql/cmake-build-asan/testReplacer" "--gtest_filter=LRUReplacerTest.NoDuplicateUnpin" "--gtest_also_run_disabled_tests"
Directory: /Users/markseeliger/CLionProjects/marksql/cmake-build-asan
"LRUReplacerTest.NoDuplicateUnpin" start time: Mar 22 09:59 EDT
Output:
----------------------------------------------------------
Running main() from /Users/markseeliger/CLionProjects/marksql/cmake-build-asan/_deps/googletest-src/googletest/src/gtest_main.cc
Note: Google Test filter = LRUReplacerTest.NoDuplicateUnpin
[==========] Running 1 test from 1 test suite.
[----------] Global test environment set-up.
[----------] 1 test from LRUReplacerTest
[ RUN      ] LRUReplacerTest.NoDuplicateUnpin
[       OK ] LRUReplacerTest.NoDuplicateUnpin (0 ms)
[----------] 1 test from LRUReplacerTest (0 ms total)

[----------] Global test environment tear-down
[==========] 1 test from 1 test suite ran. (0 ms total)
[  PASSED  ] 1 test.
<end of output>
Test time =   0.04 sec
----------------------------------------------------------
Test Passed.
"LRUReplacerTest.NoDuplicateUnpin" end time: Mar 22 09:59 EDT
"LRUReplacerTest.NoDuplicateUnpin" time elapsed: 00:00:00
----------------------------------------------------------

16/41 Testing: LRUReplacerTest.ReUnpinMovesToMRU
16/41 Test: LRUReplacerTest.ReUnpinMovesToMRU
Command: "/Users/markseeliger/CLionProjects/marksql/cmake-build-asan/testReplacer" "--gtest_filter=LRUReplacerTest.ReUnpinMovesToMRU" "--gtest_also_run_disabled_tests"
Directory: /Users/markseeliger/CLionProjects/marksql/cmake-build-asan
"LRUReplacerTest.ReUnpinMovesToMRU" start time: Mar 22 09:59 EDT
Output:
----------------------------------------------------------
Running main() from /Users/markseeliger/CLionProjects/marksql/cmake-build-asan/_deps/googletest-src/googletest/src/gtest_main.cc
Note: Google Test filter = LRUReplacerTest.ReUnpinMovesToMRU
[==========] Running 1 test from 1 test suite.
[----------] Global test environment set-up.
[----------] 1 test from LRUReplacerTest
[ RUN      ] LRUReplacerTest.ReUnpinMovesToMRU
[       OK ] LRUReplacerTest.ReUnpinMovesToMRU (0 ms)
[----------] 1 test from LRUReplacerTest (0 ms total)

[----------] Global test environment tear-down
[==========] 1 test from 1 test suite ran. (0 ms total)
[  PASSED  ] 1 test.
<end of output>
Test time =   0.04 sec
----------------------------------------------------------
Test Passed.
"LRUReplacerTest.ReUnpinMovesToMRU" end time: Mar 22 09:59 EDT
"LRUReplacerTest.ReUnpinMovesToMRU" time elapsed: 00:00:00
----------------------------------------------------------

17/41 Testing: LRUReplacerTest.PinThenUnpin
17/41 Test: LRUReplacerTest.PinThenUnpin
Command: "/Users/markseeliger/CLionProjects/marksql/cmake-build-asan/testReplacer" "--gtest_filter=LRUReplacerTest.PinThenUnpin" "--gtest_also_run_disabled_tests"
Directory: /Users/markseeliger/CLionProjects/marksql/cmake-build-asan
"LRUReplacerTest.PinThenUnpin" start time: Mar 22 09:59 EDT
Output:
----------------------------------------------------------
Running main() from /Users/markseeliger/CLionProjects/marksql/cmake-build-asan/_deps/googletest-src/googletest/src/gtest_main.cc
Note: Google Test filter = LRUReplacerTest.PinThenUnpin
[==========] Running 1 test from 1 test suite.
[----------] Global test environment set-up.
[----------] 1 test from LRUReplacerTest
[ RUN      ] LRUReplacerTest.PinThenUnpin
[       OK ] LRUReplacerTest.PinThenUnpin (0 ms)
[----------] 1 test from LRUReplacerTest (0 ms total)

[----------] Global test environment tear-down
[==========] 1 test from 1 test suite ran. (0 ms total)
[  PASSED  ] 1 test.
<end of output>
Test time =   0.03 sec
----------------------------------------------------------
Test Passed.
"LRUReplacerTest.PinThenUnpin" end time: Mar 22 09:59 EDT
"LRUReplacerTest.PinThenUnpin" time elapsed: 00:00:00
----------------------------------------------------------

18/41 Testing: BufferPoolManagerTest.FetchPageFromDisk
18/41 Test: BufferPoolManagerTest.FetchPageFromDisk
Command: "/Users/markseeliger/CLionProjects/marksql/cmake-build-asan/testBPM" "--gtest_filter=BufferPoolManagerTest.FetchPageFromDisk" "--gtest_also_run_disabled_tests"
Directory: /Users/markseeliger/CLionProjects/marksql/cmake-build-asan
"BufferPoolManagerTest.FetchPageFromDisk" start time: Mar 22 09:59 EDT
Output:
----------------------------------------------------------
Running main() from /Users/markseeliger/CLionProjects/marksql/cmake-build-asan/_deps/googletest-src/googletest/src/gtest_main.cc
Note: Google Test filter = BufferPoolManagerTest.FetchPageFromDisk
[==========] Running 1 test from 1 test suite.
[----------] Global test environment set-up.
[----------] 1 test from BufferPoolManagerTest
[ RUN      ] BufferPoolManagerTest.FetchPageFromDisk
[       OK ] BufferPoolManagerTest.FetchPageFromDisk (1 ms)
[----------] 1 test from BufferPoolManagerTest (1 ms total)

[----------] Global test environment tear-down
[==========] 1 test from 1 test suite ran. (1 ms total)
[  PASSED  ] 1 test.
<end of output>
Test time =   0.05 sec
----------------------------------------------------------
Test Passed.
"BufferPoolManagerTest.FetchPageFromDisk" end time: Mar 22 09:59 EDT
"BufferPoolManagerTest.FetchPageFromDisk" time elapsed: 00:00:00
----------------------------------------------------------

19/41 Testing: BufferPoolManagerTest.FetchSamePageTwice
19/41 Test: BufferPoolManagerTest.FetchSamePageTwice
Command: "/Users/markseeliger/CLionProjects/marksql/cmake-build-asan/testBPM" "--gtest_filter=BufferPoolManagerTest.FetchSamePageTwice" "--gtest_also_run_disabled_tests"
Directory: /Users/markseeliger/CLionProjects/marksql/cmake-build-asan
"BufferPoolManagerTest.FetchSamePageTwice" start time: Mar 22 09:59 EDT
Output:
----------------------------------------------------------
Running main() from /Users/markseeliger/CLionProjects/marksql/cmake-build-asan/_deps/googletest-src/googletest/src/gtest_main.cc
Note: Google Test filter = BufferPoolManagerTest.FetchSamePageTwice
[==========] Running 1 test from 1 test suite.
[----------] Global test environment set-up.
[----------] 1 test from BufferPoolManagerTest
[ RUN      ] BufferPoolManagerTest.FetchSamePageTwice
[       OK ] BufferPoolManagerTest.FetchSamePageTwice (0 ms)
[----------] 1 test from BufferPoolManagerTest (0 ms total)

[----------] Global test environment tear-down
[==========] 1 test from 1 test suite ran. (1 ms total)
[  PASSED  ] 1 test.
<end of output>
Test time =   0.04 sec
----------------------------------------------------------
Test Passed.
"BufferPoolManagerTest.FetchSamePageTwice" end time: Mar 22 09:59 EDT
"BufferPoolManagerTest.FetchSamePageTwice" time elapsed: 00:00:00
----------------------------------------------------------

20/41 Testing: BufferPoolManagerTest.CannotEvictPinned
20/41 Test: BufferPoolManagerTest.CannotEvictPinned
Command: "/Users/markseeliger/CLionProjects/marksql/cmake-build-asan/testBPM" "--gtest_filter=BufferPoolManagerTest.CannotEvictPinned" "--gtest_also_run_disabled_tests"
Directory: /Users/markseeliger/CLionProjects/marksql/cmake-build-asan
"BufferPoolManagerTest.CannotEvictPinned" start time: Mar 22 09:59 EDT
Output:
----------------------------------------------------------
Running main() from /Users/markseeliger/CLionProjects/marksql/cmake-build-asan/_deps/googletest-src/googletest/src/gtest_main.cc
Note: Google Test filter = BufferPoolManagerTest.CannotEvictPinned
[==========] Running 1 test from 1 test suite.
[----------] Global test environment set-up.
[----------] 1 test from BufferPoolManagerTest
[ RUN      ] BufferPoolManagerTest.CannotEvictPinned
[       OK ] BufferPoolManagerTest.CannotEvictPinned (3 ms)
[----------] 1 test from BufferPoolManagerTest (3 ms total)

[----------] Global test environment tear-down
[==========] 1 test from 1 test suite ran. (3 ms total)
[  PASSED  ] 1 test.
<end of output>
Test time =   0.04 sec
----------------------------------------------------------
Test Passed.
"BufferPoolManagerTest.CannotEvictPinned" end time: Mar 22 09:59 EDT
"BufferPoolManagerTest.CannotEvictPinned" time elapsed: 00:00:00
----------------------------------------------------------

21/41 Testing: BufferPoolManagerTest.UnpinAllowsEviction
21/41 Test: BufferPoolManagerTest.UnpinAllowsEviction
Command: "/Users/markseeliger/CLionProjects/marksql/cmake-build-asan/testBPM" "--gtest_filter=BufferPoolManagerTest.UnpinAllowsEviction" "--gtest_also_run_disabled_tests"
Directory: /Users/markseeliger/CLionProjects/marksql/cmake-build-asan
"BufferPoolManagerTest.UnpinAllowsEviction" start time: Mar 22 09:59 EDT
Output:
----------------------------------------------------------
Running main() from /Users/markseeliger/CLionProjects/marksql/cmake-build-asan/_deps/googletest-src/googletest/src/gtest_main.cc
Note: Google Test filter = BufferPoolManagerTest.UnpinAllowsEviction
[==========] Running 1 test from 1 test suite.
[----------] Global test environment set-up.
[----------] 1 test from BufferPoolManagerTest
[ RUN      ] BufferPoolManagerTest.UnpinAllowsEviction
[       OK ] BufferPoolManagerTest.UnpinAllowsEviction (3 ms)
[----------] 1 test from BufferPoolManagerTest (3 ms total)

[----------] Global test environment tear-down
[==========] 1 test from 1 test suite ran. (3 ms total)
[  PASSED  ] 1 test.
<end of output>
Test time =   0.04 sec
----------------------------------------------------------
Test Passed.
"BufferPoolManagerTest.UnpinAllowsEviction" end time: Mar 22 09:59 EDT
"BufferPoolManagerTest.UnpinAllowsEviction" time elapsed: 00:00:00
----------------------------------------------------------

22/41 Testing: BufferPoolManagerTest.DirtyWriteBack
22/41 Test: BufferPoolManagerTest.DirtyWriteBack
Command: "/Users/markseeliger/CLionProjects/marksql/cmake-build-asan/testBPM" "--gtest_filter=BufferPoolManagerTest.DirtyWriteBack" "--gtest_also_run_disabled_tests"
Directory: /Users/markseeliger/CLionProjects/marksql/cmake-build-asan
"BufferPoolManagerTest.DirtyWriteBack" start time: Mar 22 09:59 EDT
Output:
----------------------------------------------------------
Running main() from /Users/markseeliger/CLionProjects/marksql/cmake-build-asan/_deps/googletest-src/googletest/src/gtest_main.cc
Note: Google Test filter = BufferPoolManagerTest.DirtyWriteBack
[==========] Running 1 test from 1 test suite.
[----------] Global test environment set-up.
[----------] 1 test from BufferPoolManagerTest
[ RUN      ] BufferPoolManagerTest.DirtyWriteBack
[       OK ] BufferPoolManagerTest.DirtyWriteBack (5 ms)
[----------] 1 test from BufferPoolManagerTest (5 ms total)

[----------] Global test environment tear-down
[==========] 1 test from 1 test suite ran. (5 ms total)
[  PASSED  ] 1 test.
<end of output>
Test time =   0.04 sec
----------------------------------------------------------
Test Passed.
"BufferPoolManagerTest.DirtyWriteBack" end time: Mar 22 09:59 EDT
"BufferPoolManagerTest.DirtyWriteBack" time elapsed: 00:00:00
----------------------------------------------------------

23/41 Testing: BufferPoolManagerTest.LRUEvictionOrder
23/41 Test: BufferPoolManagerTest.LRUEvictionOrder
Command: "/Users/markseeliger/CLionProjects/marksql/cmake-build-asan/testBPM" "--gtest_filter=BufferPoolManagerTest.LRUEvictionOrder" "--gtest_also_run_disabled_tests"
Directory: /Users/markseeliger/CLionProjects/marksql/cmake-build-asan
"BufferPoolManagerTest.LRUEvictionOrder" start time: Mar 22 09:59 EDT
Output:
----------------------------------------------------------
Running main() from /Users/markseeliger/CLionProjects/marksql/cmake-build-asan/_deps/googletest-src/googletest/src/gtest_main.cc
Note: Google Test filter = BufferPoolManagerTest.LRUEvictionOrder
[==========] Running 1 test from 1 test suite.
[----------] Global test environment set-up.
[----------] 1 test from BufferPoolManagerTest
[ RUN      ] BufferPoolManagerTest.LRUEvictionOrder
[       OK ] BufferPoolManagerTest.LRUEvictionOrder (5 ms)
[----------] 1 test from BufferPoolManagerTest (5 ms total)

[----------] Global test environment tear-down
[==========] 1 test from 1 test suite ran. (5 ms total)
[  PASSED  ] 1 test.
<end of output>
Test time =   0.04 sec
----------------------------------------------------------
Test Passed.
"BufferPoolManagerTest.LRUEvictionOrder" end time: Mar 22 09:59 EDT
"BufferPoolManagerTest.LRUEvictionOrder" time elapsed: 00:00:00
----------------------------------------------------------

24/41 Testing: BufferPoolManagerTest.DataPersistsAfterEviction
24/41 Test: BufferPoolManagerTest.DataPersistsAfterEviction
Command: "/Users/markseeliger/CLionProjects/marksql/cmake-build-asan/testBPM" "--gtest_filter=BufferPoolManagerTest.DataPersistsAfterEviction" "--gtest_also_run_disabled_tests"
Directory: /Users/markseeliger/CLionProjects/marksql/cmake-build-asan
"BufferPoolManagerTest.DataPersistsAfterEviction" start time: Mar 22 09:59 EDT
Output:
----------------------------------------------------------
Running main() from /Users/markseeliger/CLionProjects/marksql/cmake-build-asan/_deps/googletest-src/googletest/src/gtest_main.cc
Note: Google Test filter = BufferPoolManagerTest.DataPersistsAfterEviction
[==========] Running 1 test from 1 test suite.
[----------] Global test environment set-up.
[----------] 1 test from BufferPoolManagerTest
[ RUN      ] BufferPoolManagerTest.DataPersistsAfterEviction
[       OK ] BufferPoolManagerTest.DataPersistsAfterEviction (1 ms)
[----------] 1 test from BufferPoolManagerTest (1 ms total)

[----------] Global test environment tear-down
[==========] 1 test from 1 test suite ran. (1 ms total)
[  PASSED  ] 1 test.
<end of output>
Test time =   0.04 sec
----------------------------------------------------------
Test Passed.
"BufferPoolManagerTest.DataPersistsAfterEviction" end time: Mar 22 09:59 EDT
"BufferPoolManagerTest.DataPersistsAfterEviction" time elapsed: 00:00:00
----------------------------------------------------------

25/41 Testing: HeapPageTest.InsertSingleTuple
25/41 Test: HeapPageTest.InsertSingleTuple
Command: "/Users/markseeliger/CLionProjects/marksql/cmake-build-asan/testHeapPage" "--gtest_filter=HeapPageTest.InsertSingleTuple" "--gtest_also_run_disabled_tests"
Directory: /Users/markseeliger/CLionProjects/marksql/cmake-build-asan
"HeapPageTest.InsertSingleTuple" start time: Mar 22 09:59 EDT
Output:
----------------------------------------------------------
Running main() from /Users/markseeliger/CLionProjects/marksql/cmake-build-asan/_deps/googletest-src/googletest/src/gtest_main.cc
Note: Google Test filter = HeapPageTest.InsertSingleTuple
[==========] Running 1 test from 1 test suite.
[----------] Global test environment set-up.
[----------] 1 test from HeapPageTest
[ RUN      ] HeapPageTest.InsertSingleTuple
[       OK ] HeapPageTest.InsertSingleTuple (0 ms)
[----------] 1 test from HeapPageTest (0 ms total)

[----------] Global test environment tear-down
[==========] 1 test from 1 test suite ran. (0 ms total)
[  PASSED  ] 1 test.
<end of output>
Test time =   0.04 sec
----------------------------------------------------------
Test Passed.
"HeapPageTest.InsertSingleTuple" end time: Mar 22 09:59 EDT
"HeapPageTest.InsertSingleTuple" time elapsed: 00:00:00
----------------------------------------------------------

26/41 Testing: HeapPageTest.InsertMultipleTuples
26/41 Test: HeapPageTest.InsertMultipleTuples
Command: "/Users/markseeliger/CLionProjects/marksql/cmake-build-asan/testHeapPage" "--gtest_filter=HeapPageTest.InsertMultipleTuples" "--gtest_also_run_disabled_tests"
Directory: /Users/markseeliger/CLionProjects/marksql/cmake-build-asan
"HeapPageTest.InsertMultipleTuples" start time: Mar 22 09:59 EDT
Output:
----------------------------------------------------------
Running main() from /Users/markseeliger/CLionProjects/marksql/cmake-build-asan/_deps/googletest-src/googletest/src/gtest_main.cc
Note: Google Test filter = HeapPageTest.InsertMultipleTuples
[==========] Running 1 test from 1 test suite.
[----------] Global test environment set-up.
[----------] 1 test from HeapPageTest
[ RUN      ] HeapPageTest.InsertMultipleTuples
[       OK ] HeapPageTest.InsertMultipleTuples (0 ms)
[----------] 1 test from HeapPageTest (0 ms total)

[----------] Global test environment tear-down
[==========] 1 test from 1 test suite ran. (0 ms total)
[  PASSED  ] 1 test.
<end of output>
Test time =   0.04 sec
----------------------------------------------------------
Test Passed.
"HeapPageTest.InsertMultipleTuples" end time: Mar 22 09:59 EDT
"HeapPageTest.InsertMultipleTuples" time elapsed: 00:00:00
----------------------------------------------------------

27/41 Testing: HeapPageTest.DeleteTuple
27/41 Test: HeapPageTest.DeleteTuple
Command: "/Users/markseeliger/CLionProjects/marksql/cmake-build-asan/testHeapPage" "--gtest_filter=HeapPageTest.DeleteTuple" "--gtest_also_run_disabled_tests"
Directory: /Users/markseeliger/CLionProjects/marksql/cmake-build-asan
"HeapPageTest.DeleteTuple" start time: Mar 22 09:59 EDT
Output:
----------------------------------------------------------
Running main() from /Users/markseeliger/CLionProjects/marksql/cmake-build-asan/_deps/googletest-src/googletest/src/gtest_main.cc
Note: Google Test filter = HeapPageTest.DeleteTuple
[==========] Running 1 test from 1 test suite.
[----------] Global test environment set-up.
[----------] 1 test from HeapPageTest
[ RUN      ] HeapPageTest.DeleteTuple
[       OK ] HeapPageTest.DeleteTuple (0 ms)
[----------] 1 test from HeapPageTest (0 ms total)

[----------] Global test environment tear-down
[==========] 1 test from 1 test suite ran. (0 ms total)
[  PASSED  ] 1 test.
<end of output>
Test time =   0.04 sec
----------------------------------------------------------
Test Passed.
"HeapPageTest.DeleteTuple" end time: Mar 22 09:59 EDT
"HeapPageTest.DeleteTuple" time elapsed: 00:00:00
----------------------------------------------------------

28/41 Testing: HeapPageTest.InsertUntilFull
28/41 Test: HeapPageTest.InsertUntilFull
Command: "/Users/markseeliger/CLionProjects/marksql/cmake-build-asan/testHeapPage" "--gtest_filter=HeapPageTest.InsertUntilFull" "--gtest_also_run_disabled_tests"
Directory: /Users/markseeliger/CLionProjects/marksql/cmake-build-asan
"HeapPageTest.InsertUntilFull" start time: Mar 22 09:59 EDT
Output:
----------------------------------------------------------
Running main() from /Users/markseeliger/CLionProjects/marksql/cmake-build-asan/_deps/googletest-src/googletest/src/gtest_main.cc
Note: Google Test filter = HeapPageTest.InsertUntilFull
[==========] Running 1 test from 1 test suite.
[----------] Global test environment set-up.
[----------] 1 test from HeapPageTest
[ RUN      ] HeapPageTest.InsertUntilFull
[       OK ] HeapPageTest.InsertUntilFull (0 ms)
[----------] 1 test from HeapPageTest (0 ms total)

[----------] Global test environment tear-down
[==========] 1 test from 1 test suite ran. (0 ms total)
[  PASSED  ] 1 test.
<end of output>
Test time =   0.04 sec
----------------------------------------------------------
Test Passed.
"HeapPageTest.InsertUntilFull" end time: Mar 22 09:59 EDT
"HeapPageTest.InsertUntilFull" time elapsed: 00:00:00
----------------------------------------------------------

29/41 Testing: HeapPageTest.SetAndGetLinkedPageIds
29/41 Test: HeapPageTest.SetAndGetLinkedPageIds
Command: "/Users/markseeliger/CLionProjects/marksql/cmake-build-asan/testHeapPage" "--gtest_filter=HeapPageTest.SetAndGetLinkedPageIds" "--gtest_also_run_disabled_tests"
Directory: /Users/markseeliger/CLionProjects/marksql/cmake-build-asan
"HeapPageTest.SetAndGetLinkedPageIds" start time: Mar 22 09:59 EDT
Output:
----------------------------------------------------------
Running main() from /Users/markseeliger/CLionProjects/marksql/cmake-build-asan/_deps/googletest-src/googletest/src/gtest_main.cc
Note: Google Test filter = HeapPageTest.SetAndGetLinkedPageIds
[==========] Running 1 test from 1 test suite.
[----------] Global test environment set-up.
[----------] 1 test from HeapPageTest
[ RUN      ] HeapPageTest.SetAndGetLinkedPageIds
[       OK ] HeapPageTest.SetAndGetLinkedPageIds (0 ms)
[----------] 1 test from HeapPageTest (0 ms total)

[----------] Global test environment tear-down
[==========] 1 test from 1 test suite ran. (0 ms total)
[  PASSED  ] 1 test.
<end of output>
Test time =   0.04 sec
----------------------------------------------------------
Test Passed.
"HeapPageTest.SetAndGetLinkedPageIds" end time: Mar 22 09:59 EDT
"HeapPageTest.SetAndGetLinkedPageIds" time elapsed: 00:00:00
----------------------------------------------------------

30/41 Testing: HeapPageTest.ChangeTupleReplacesTupleWhenReplacementIsSameSize
30/41 Test: HeapPageTest.ChangeTupleReplacesTupleWhenReplacementIsSameSize
Command: "/Users/markseeliger/CLionProjects/marksql/cmake-build-asan/testHeapPage" "--gtest_filter=HeapPageTest.ChangeTupleReplacesTupleWhenReplacementIsSameSize" "--gtest_also_run_disabled_tests"
Directory: /Users/markseeliger/CLionProjects/marksql/cmake-build-asan
"HeapPageTest.ChangeTupleReplacesTupleWhenReplacementIsSameSize" start time: Mar 22 09:59 EDT
Output:
----------------------------------------------------------
Running main() from /Users/markseeliger/CLionProjects/marksql/cmake-build-asan/_deps/googletest-src/googletest/src/gtest_main.cc
Note: Google Test filter = HeapPageTest.ChangeTupleReplacesTupleWhenReplacementIsSameSize
[==========] Running 1 test from 1 test suite.
[----------] Global test environment set-up.
[----------] 1 test from HeapPageTest
[ RUN      ] HeapPageTest.ChangeTupleReplacesTupleWhenReplacementIsSameSize
[       OK ] HeapPageTest.ChangeTupleReplacesTupleWhenReplacementIsSameSize (0 ms)
[----------] 1 test from HeapPageTest (0 ms total)

[----------] Global test environment tear-down
[==========] 1 test from 1 test suite ran. (0 ms total)
[  PASSED  ] 1 test.
<end of output>
Test time =   0.04 sec
----------------------------------------------------------
Test Passed.
"HeapPageTest.ChangeTupleReplacesTupleWhenReplacementIsSameSize" end time: Mar 22 09:59 EDT
"HeapPageTest.ChangeTupleReplacesTupleWhenReplacementIsSameSize" time elapsed: 00:00:00
----------------------------------------------------------

31/41 Testing: HeapPageTest.ChangeTupleCanShrinkTuple
31/41 Test: HeapPageTest.ChangeTupleCanShrinkTuple
Command: "/Users/markseeliger/CLionProjects/marksql/cmake-build-asan/testHeapPage" "--gtest_filter=HeapPageTest.ChangeTupleCanShrinkTuple" "--gtest_also_run_disabled_tests"
Directory: /Users/markseeliger/CLionProjects/marksql/cmake-build-asan
"HeapPageTest.ChangeTupleCanShrinkTuple" start time: Mar 22 09:59 EDT
Output:
----------------------------------------------------------
Running main() from /Users/markseeliger/CLionProjects/marksql/cmake-build-asan/_deps/googletest-src/googletest/src/gtest_main.cc
Note: Google Test filter = HeapPageTest.ChangeTupleCanShrinkTuple
[==========] Running 1 test from 1 test suite.
[----------] Global test environment set-up.
[----------] 1 test from HeapPageTest
[ RUN      ] HeapPageTest.ChangeTupleCanShrinkTuple
[       OK ] HeapPageTest.ChangeTupleCanShrinkTuple (0 ms)
[----------] 1 test from HeapPageTest (0 ms total)

[----------] Global test environment tear-down
[==========] 1 test from 1 test suite ran. (0 ms total)
[  PASSED  ] 1 test.
<end of output>
Test time =   0.04 sec
----------------------------------------------------------
Test Passed.
"HeapPageTest.ChangeTupleCanShrinkTuple" end time: Mar 22 09:59 EDT
"HeapPageTest.ChangeTupleCanShrinkTuple" time elapsed: 00:00:00
----------------------------------------------------------

32/41 Testing: HeapPageTest.ChangeTupleCanGrowTuple
32/41 Test: HeapPageTest.ChangeTupleCanGrowTuple
Command: "/Users/markseeliger/CLionProjects/marksql/cmake-build-asan/testHeapPage" "--gtest_filter=HeapPageTest.ChangeTupleCanGrowTuple" "--gtest_also_run_disabled_tests"
Directory: /Users/markseeliger/CLionProjects/marksql/cmake-build-asan
"HeapPageTest.ChangeTupleCanGrowTuple" start time: Mar 22 09:59 EDT
Output:
----------------------------------------------------------
Running main() from /Users/markseeliger/CLionProjects/marksql/cmake-build-asan/_deps/googletest-src/googletest/src/gtest_main.cc
Note: Google Test filter = HeapPageTest.ChangeTupleCanGrowTuple
[==========] Running 1 test from 1 test suite.
[----------] Global test environment set-up.
[----------] 1 test from HeapPageTest
[ RUN      ] HeapPageTest.ChangeTupleCanGrowTuple
[       OK ] HeapPageTest.ChangeTupleCanGrowTuple (0 ms)
[----------] 1 test from HeapPageTest (0 ms total)

[----------] Global test environment tear-down
[==========] 1 test from 1 test suite ran. (0 ms total)
[  PASSED  ] 1 test.
<end of output>
Test time =   0.04 sec
----------------------------------------------------------
Test Passed.
"HeapPageTest.ChangeTupleCanGrowTuple" end time: Mar 22 09:59 EDT
"HeapPageTest.ChangeTupleCanGrowTuple" time elapsed: 00:00:00
----------------------------------------------------------

33/41 Testing: BPlusTreeTests.EmptyTreeDoesNotContainValues
33/41 Test: BPlusTreeTests.EmptyTreeDoesNotContainValues
Command: "/Users/markseeliger/CLionProjects/marksql/cmake-build-asan/testBPlusTree" "--gtest_filter=BPlusTreeTests.EmptyTreeDoesNotContainValues" "--gtest_also_run_disabled_tests"
Directory: /Users/markseeliger/CLionProjects/marksql/cmake-build-asan
"BPlusTreeTests.EmptyTreeDoesNotContainValues" start time: Mar 22 09:59 EDT
Output:
----------------------------------------------------------
Running main() from /Users/markseeliger/CLionProjects/marksql/cmake-build-asan/_deps/googletest-src/googletest/src/gtest_main.cc
Note: Google Test filter = BPlusTreeTests.EmptyTreeDoesNotContainValues
[==========] Running 1 test from 1 test suite.
[----------] Global test environment set-up.
[----------] 1 test from BPlusTreeTests
[ RUN      ] BPlusTreeTests.EmptyTreeDoesNotContainValues
[       OK ] BPlusTreeTests.EmptyTreeDoesNotContainValues (0 ms)
[----------] 1 test from BPlusTreeTests (0 ms total)

[----------] Global test environment tear-down
[==========] 1 test from 1 test suite ran. (0 ms total)
[  PASSED  ] 1 test.
<end of output>
Test time =   0.04 sec
----------------------------------------------------------
Test Passed.
"BPlusTreeTests.EmptyTreeDoesNotContainValues" end time: Mar 22 09:59 EDT
"BPlusTreeTests.EmptyTreeDoesNotContainValues" time elapsed: 00:00:00
----------------------------------------------------------

34/41 Testing: BPlusTreeTests.InsertWithoutSplitKeepsLeafSorted
34/41 Test: BPlusTreeTests.InsertWithoutSplitKeepsLeafSorted
Command: "/Users/markseeliger/CLionProjects/marksql/cmake-build-asan/testBPlusTree" "--gtest_filter=BPlusTreeTests.InsertWithoutSplitKeepsLeafSorted" "--gtest_also_run_disabled_tests"
Directory: /Users/markseeliger/CLionProjects/marksql/cmake-build-asan
"BPlusTreeTests.InsertWithoutSplitKeepsLeafSorted" start time: Mar 22 09:59 EDT
Output:
----------------------------------------------------------
Running main() from /Users/markseeliger/CLionProjects/marksql/cmake-build-asan/_deps/googletest-src/googletest/src/gtest_main.cc
Note: Google Test filter = BPlusTreeTests.InsertWithoutSplitKeepsLeafSorted
[==========] Running 1 test from 1 test suite.
[----------] Global test environment set-up.
[----------] 1 test from BPlusTreeTests
[ RUN      ] BPlusTreeTests.InsertWithoutSplitKeepsLeafSorted
[       OK ] BPlusTreeTests.InsertWithoutSplitKeepsLeafSorted (0 ms)
[----------] 1 test from BPlusTreeTests (0 ms total)

[----------] Global test environment tear-down
[==========] 1 test from 1 test suite ran. (0 ms total)
[  PASSED  ] 1 test.
<end of output>
Test time =   0.04 sec
----------------------------------------------------------
Test Passed.
"BPlusTreeTests.InsertWithoutSplitKeepsLeafSorted" end time: Mar 22 09:59 EDT
"BPlusTreeTests.InsertWithoutSplitKeepsLeafSorted" time elapsed: 00:00:00
----------------------------------------------------------

35/41 Testing: BPlusTreeTests.RootLeafSplitProducesExpectedTwoLevelShape
35/41 Test: BPlusTreeTests.RootLeafSplitProducesExpectedTwoLevelShape
Command: "/Users/markseeliger/CLionProjects/marksql/cmake-build-asan/testBPlusTree" "--gtest_filter=BPlusTreeTests.RootLeafSplitProducesExpectedTwoLevelShape" "--gtest_also_run_disabled_tests"
Directory: /Users/markseeliger/CLionProjects/marksql/cmake-build-asan
"BPlusTreeTests.RootLeafSplitProducesExpectedTwoLevelShape" start time: Mar 22 09:59 EDT
Output:
----------------------------------------------------------
Running main() from /Users/markseeliger/CLionProjects/marksql/cmake-build-asan/_deps/googletest-src/googletest/src/gtest_main.cc
Note: Google Test filter = BPlusTreeTests.RootLeafSplitProducesExpectedTwoLevelShape
[==========] Running 1 test from 1 test suite.
[----------] Global test environment set-up.
[----------] 1 test from BPlusTreeTests
[ RUN      ] BPlusTreeTests.RootLeafSplitProducesExpectedTwoLevelShape
[       OK ] BPlusTreeTests.RootLeafSplitProducesExpectedTwoLevelShape (0 ms)
[----------] 1 test from BPlusTreeTests (0 ms total)

[----------] Global test environment tear-down
[==========] 1 test from 1 test suite ran. (0 ms total)
[  PASSED  ] 1 test.
<end of output>
Test time =   0.04 sec
----------------------------------------------------------
Test Passed.
"BPlusTreeTests.RootLeafSplitProducesExpectedTwoLevelShape" end time: Mar 22 09:59 EDT
"BPlusTreeTests.RootLeafSplitProducesExpectedTwoLevelShape" time elapsed: 00:00:00
----------------------------------------------------------

36/41 Testing: BPlusTreeTests.ContainsFindsSeparatorValuesAfterRootSplit
36/41 Test: BPlusTreeTests.ContainsFindsSeparatorValuesAfterRootSplit
Command: "/Users/markseeliger/CLionProjects/marksql/cmake-build-asan/testBPlusTree" "--gtest_filter=BPlusTreeTests.ContainsFindsSeparatorValuesAfterRootSplit" "--gtest_also_run_disabled_tests"
Directory: /Users/markseeliger/CLionProjects/marksql/cmake-build-asan
"BPlusTreeTests.ContainsFindsSeparatorValuesAfterRootSplit" start time: Mar 22 09:59 EDT
Output:
----------------------------------------------------------
Running main() from /Users/markseeliger/CLionProjects/marksql/cmake-build-asan/_deps/googletest-src/googletest/src/gtest_main.cc
Note: Google Test filter = BPlusTreeTests.ContainsFindsSeparatorValuesAfterRootSplit
[==========] Running 1 test from 1 test suite.
[----------] Global test environment set-up.
[----------] 1 test from BPlusTreeTests
[ RUN      ] BPlusTreeTests.ContainsFindsSeparatorValuesAfterRootSplit
[       OK ] BPlusTreeTests.ContainsFindsSeparatorValuesAfterRootSplit (0 ms)
[----------] 1 test from BPlusTreeTests (0 ms total)

[----------] Global test environment tear-down
[==========] 1 test from 1 test suite ran. (0 ms total)
[  PASSED  ] 1 test.
<end of output>
Test time =   0.04 sec
----------------------------------------------------------
Test Passed.
"BPlusTreeTests.ContainsFindsSeparatorValuesAfterRootSplit" end time: Mar 22 09:59 EDT
"BPlusTreeTests.ContainsFindsSeparatorValuesAfterRootSplit" time elapsed: 00:00:00
----------------------------------------------------------

37/41 Testing: BPlusTreeTests.SequentialInsertsCauseCascadingSplits
37/41 Test: BPlusTreeTests.SequentialInsertsCauseCascadingSplits
Command: "/Users/markseeliger/CLionProjects/marksql/cmake-build-asan/testBPlusTree" "--gtest_filter=BPlusTreeTests.SequentialInsertsCauseCascadingSplits" "--gtest_also_run_disabled_tests"
Directory: /Users/markseeliger/CLionProjects/marksql/cmake-build-asan
"BPlusTreeTests.SequentialInsertsCauseCascadingSplits" start time: Mar 22 09:59 EDT
Output:
----------------------------------------------------------
Running main() from /Users/markseeliger/CLionProjects/marksql/cmake-build-asan/_deps/googletest-src/googletest/src/gtest_main.cc
Note: Google Test filter = BPlusTreeTests.SequentialInsertsCauseCascadingSplits
[==========] Running 1 test from 1 test suite.
[----------] Global test environment set-up.
[----------] 1 test from BPlusTreeTests
[ RUN      ] BPlusTreeTests.SequentialInsertsCauseCascadingSplits
[       OK ] BPlusTreeTests.SequentialInsertsCauseCascadingSplits (0 ms)
[----------] 1 test from BPlusTreeTests (0 ms total)

[----------] Global test environment tear-down
[==========] 1 test from 1 test suite ran. (0 ms total)
[  PASSED  ] 1 test.
<end of output>
Test time =   0.04 sec
----------------------------------------------------------
Test Passed.
"BPlusTreeTests.SequentialInsertsCauseCascadingSplits" end time: Mar 22 09:59 EDT
"BPlusTreeTests.SequentialInsertsCauseCascadingSplits" time elapsed: 00:00:00
----------------------------------------------------------

38/41 Testing: BPlusTreeTests.ContainsWorksAcrossAllLeafRangesAfterMultipleSplits
38/41 Test: BPlusTreeTests.ContainsWorksAcrossAllLeafRangesAfterMultipleSplits
Command: "/Users/markseeliger/CLionProjects/marksql/cmake-build-asan/testBPlusTree" "--gtest_filter=BPlusTreeTests.ContainsWorksAcrossAllLeafRangesAfterMultipleSplits" "--gtest_also_run_disabled_tests"
Directory: /Users/markseeliger/CLionProjects/marksql/cmake-build-asan
"BPlusTreeTests.ContainsWorksAcrossAllLeafRangesAfterMultipleSplits" start time: Mar 22 09:59 EDT
Output:
----------------------------------------------------------
Running main() from /Users/markseeliger/CLionProjects/marksql/cmake-build-asan/_deps/googletest-src/googletest/src/gtest_main.cc
Note: Google Test filter = BPlusTreeTests.ContainsWorksAcrossAllLeafRangesAfterMultipleSplits
[==========] Running 1 test from 1 test suite.
[----------] Global test environment set-up.
[----------] 1 test from BPlusTreeTests
[ RUN      ] BPlusTreeTests.ContainsWorksAcrossAllLeafRangesAfterMultipleSplits
[       OK ] BPlusTreeTests.ContainsWorksAcrossAllLeafRangesAfterMultipleSplits (0 ms)
[----------] 1 test from BPlusTreeTests (0 ms total)

[----------] Global test environment tear-down
[==========] 1 test from 1 test suite ran. (0 ms total)
[  PASSED  ] 1 test.
<end of output>
Test time =   0.04 sec
----------------------------------------------------------
Test Passed.
"BPlusTreeTests.ContainsWorksAcrossAllLeafRangesAfterMultipleSplits" end time: Mar 22 09:59 EDT
"BPlusTreeTests.ContainsWorksAcrossAllLeafRangesAfterMultipleSplits" time elapsed: 00:00:00
----------------------------------------------------------

39/41 Testing: BPlusTreeTests.MixedInsertionOrderStillBuildsOrderedLeaves
39/41 Test: BPlusTreeTests.MixedInsertionOrderStillBuildsOrderedLeaves
Command: "/Users/markseeliger/CLionProjects/marksql/cmake-build-asan/testBPlusTree" "--gtest_filter=BPlusTreeTests.MixedInsertionOrderStillBuildsOrderedLeaves" "--gtest_also_run_disabled_tests"
Directory: /Users/markseeliger/CLionProjects/marksql/cmake-build-asan
"BPlusTreeTests.MixedInsertionOrderStillBuildsOrderedLeaves" start time: Mar 22 09:59 EDT
Output:
----------------------------------------------------------
Running main() from /Users/markseeliger/CLionProjects/marksql/cmake-build-asan/_deps/googletest-src/googletest/src/gtest_main.cc
Note: Google Test filter = BPlusTreeTests.MixedInsertionOrderStillBuildsOrderedLeaves
[==========] Running 1 test from 1 test suite.
[----------] Global test environment set-up.
[----------] 1 test from BPlusTreeTests
[ RUN      ] BPlusTreeTests.MixedInsertionOrderStillBuildsOrderedLeaves
[       OK ] BPlusTreeTests.MixedInsertionOrderStillBuildsOrderedLeaves (0 ms)
[----------] 1 test from BPlusTreeTests (0 ms total)

[----------] Global test environment tear-down
[==========] 1 test from 1 test suite ran. (0 ms total)
[  PASSED  ] 1 test.
<end of output>
Test time =   0.04 sec
----------------------------------------------------------
Test Passed.
"BPlusTreeTests.MixedInsertionOrderStillBuildsOrderedLeaves" end time: Mar 22 09:59 EDT
"BPlusTreeTests.MixedInsertionOrderStillBuildsOrderedLeaves" time elapsed: 00:00:00
----------------------------------------------------------

40/41 Testing: BPlusTreeTests.DuplicateKeysAreRetainedAndSearchable
40/41 Test: BPlusTreeTests.DuplicateKeysAreRetainedAndSearchable
Command: "/Users/markseeliger/CLionProjects/marksql/cmake-build-asan/testBPlusTree" "--gtest_filter=BPlusTreeTests.DuplicateKeysAreRetainedAndSearchable" "--gtest_also_run_disabled_tests"
Directory: /Users/markseeliger/CLionProjects/marksql/cmake-build-asan
"BPlusTreeTests.DuplicateKeysAreRetainedAndSearchable" start time: Mar 22 09:59 EDT
Output:
----------------------------------------------------------
Running main() from /Users/markseeliger/CLionProjects/marksql/cmake-build-asan/_deps/googletest-src/googletest/src/gtest_main.cc
Note: Google Test filter = BPlusTreeTests.DuplicateKeysAreRetainedAndSearchable
[==========] Running 1 test from 1 test suite.
[----------] Global test environment set-up.
[----------] 1 test from BPlusTreeTests
[ RUN      ] BPlusTreeTests.DuplicateKeysAreRetainedAndSearchable
[       OK ] BPlusTreeTests.DuplicateKeysAreRetainedAndSearchable (0 ms)
[----------] 1 test from BPlusTreeTests (0 ms total)

[----------] Global test environment tear-down
[==========] 1 test from 1 test suite ran. (0 ms total)
[  PASSED  ] 1 test.
<end of output>
Test time =   0.04 sec
----------------------------------------------------------
Test Passed.
"BPlusTreeTests.DuplicateKeysAreRetainedAndSearchable" end time: Mar 22 09:59 EDT
"BPlusTreeTests.DuplicateKeysAreRetainedAndSearchable" time elapsed: 00:00:00
----------------------------------------------------------

41/41 Testing: BPlusTreeTests.SplitPromotesExpectedSeparatorsForOrderFourTree
41/41 Test: BPlusTreeTests.SplitPromotesExpectedSeparatorsForOrderFourTree
Command: "/Users/markseeliger/CLionProjects/marksql/cmake-build-asan/testBPlusTree" "--gtest_filter=BPlusTreeTests.SplitPromotesExpectedSeparatorsForOrderFourTree" "--gtest_also_run_disabled_tests"
Directory: /Users/markseeliger/CLionProjects/marksql/cmake-build-asan
"BPlusTreeTests.SplitPromotesExpectedSeparatorsForOrderFourTree" start time: Mar 22 09:59 EDT
Output:
----------------------------------------------------------
Running main() from /Users/markseeliger/CLionProjects/marksql/cmake-build-asan/_deps/googletest-src/googletest/src/gtest_main.cc
Note: Google Test filter = BPlusTreeTests.SplitPromotesExpectedSeparatorsForOrderFourTree
[==========] Running 1 test from 1 test suite.
[----------] Global test environment set-up.
[----------] 1 test from BPlusTreeTests
[ RUN      ] BPlusTreeTests.SplitPromotesExpectedSeparatorsForOrderFourTree
[       OK ] BPlusTreeTests.SplitPromotesExpectedSeparatorsForOrderFourTree (0 ms)
[----------] 1 test from BPlusTreeTests (0 ms total)

[----------] Global test environment tear-down
[==========] 1 test from 1 test suite ran. (0 ms total)
[  PASSED  ] 1 test.
<end of output>
Test time =   0.04 sec
----------------------------------------------------------
Test Passed.
"BPlusTreeTests.SplitPromotesExpectedSeparatorsForOrderFourTree" end time: Mar 22 09:59 EDT
"BPlusTreeTests.SplitPromotesExpectedSeparatorsForOrderFourTree" time elapsed: 00:00:00
----------------------------------------------------------

End testing: Mar 22 09:59 EDT
